<?xml version="1.0" encoding="UTF-8"?>
<!-- Generated by org.testng.reporters.JUnitXMLReporter -->
<testsuite ignored="2" hostname="Puja" failures="0" tests="4" name="Test" time="61.637" errors="0" timestamp="2024-06-14T15:46:01 IST">
  <testcase classname="com.test.TestCases.TC_MyAccountPageTest" name="VerifyLogin" time="5.127"/>
  <testcase classname="com.test.TestCases.TC_MyAccountPageTest" name="VerifySignOut" time="3.864"/>
  <testcase classname="com.test.TestCases.TC_ProductPageTest" name="VerifyBuyProduct" time="24.629"/>
  <testcase classname="com.test.TestCases.TC_ProductPageTest" name="VerifySearchProduct" time="5.741"/>
  <testcase classname="com.test.TestCases.TC_ProductPageTest" name="verifyAddToWishlistWithoutLogin" time="0.0">
    <ignored/>
  </testcase> <!-- verifyAddToWishlistWithoutLogin -->
  <testcase classname="com.test.TestCases.TC_MyAccountPageTest" name="verifyRegistrationAndlogin" time="0.0">
    <ignored/>
  </testcase> <!-- verifyRegistrationAndlogin -->
</testsuite> <!-- Test -->
