<?xml version="1.0" encoding="UTF-8"?>
<testng-results ignored="0" total="4" passed="4" failed="0" skipped="0">
  <reporter-output>
  </reporter-output>
  <suite started-at="2024-06-14T16:00:33 IST" name="Suite" finished-at="2024-06-14T16:01:29 IST" duration-ms="55730">
    <groups>
    </groups>
    <test started-at="2024-06-14T16:00:33 IST" name="Test" finished-at="2024-06-14T16:01:29 IST" duration-ms="55730">
      <class name="com.test.TestCases.TC_ProductPageTest">
        <test-method is-config="true" signature="setup()[pri:0, instance:com.test.TestCases.TC_ProductPageTest@738dc9b]" started-at="2024-06-14T16:00:51 IST" name="setup" finished-at="2024-06-14T16:00:58 IST" duration-ms="6471" status="PASS">
          <reporter-output>
          </reporter-output>
        </test-method> <!-- setup -->
        <test-method signature="VerifyBuyProduct()[pri:0, instance:com.test.TestCases.TC_ProductPageTest@738dc9b]" started-at="2024-06-14T16:00:58 IST" name="VerifyBuyProduct" finished-at="2024-06-14T16:01:23 IST" duration-ms="25628" status="PASS">
          <reporter-output>
          </reporter-output>
        </test-method> <!-- VerifyBuyProduct -->
        <test-method signature="VerifySearchProduct()[pri:0, instance:com.test.TestCases.TC_ProductPageTest@738dc9b]" started-at="2024-06-14T16:01:23 IST" name="VerifySearchProduct" finished-at="2024-06-14T16:01:29 IST" duration-ms="5518" status="PASS">
          <reporter-output>
          </reporter-output>
        </test-method> <!-- VerifySearchProduct -->
        <test-method is-config="true" signature="teardown()[pri:0, instance:com.test.TestCases.TC_ProductPageTest@738dc9b]" started-at="2024-06-14T16:01:29 IST" name="teardown" finished-at="2024-06-14T16:01:29 IST" duration-ms="1" status="PASS">
          <reporter-output>
          </reporter-output>
        </test-method> <!-- teardown -->
      </class> <!-- com.test.TestCases.TC_ProductPageTest -->
      <class name="com.test.TestCases.TC_MyAccountPageTest">
        <test-method is-config="true" signature="setup()[pri:0, instance:com.test.TestCases.TC_MyAccountPageTest@1c7696c6]" started-at="2024-06-14T16:00:34 IST" name="setup" finished-at="2024-06-14T16:00:43 IST" duration-ms="9005" status="PASS">
          <reporter-output>
          </reporter-output>
        </test-method> <!-- setup -->
        <test-method signature="VerifyLogin()[pri:0, instance:com.test.TestCases.TC_MyAccountPageTest@1c7696c6]" started-at="2024-06-14T16:00:43 IST" name="VerifyLogin" finished-at="2024-06-14T16:00:47 IST" duration-ms="4712" status="PASS">
          <reporter-output>
          </reporter-output>
        </test-method> <!-- VerifyLogin -->
        <test-method signature="VerifySignOut()[pri:0, instance:com.test.TestCases.TC_MyAccountPageTest@1c7696c6]" started-at="2024-06-14T16:00:47 IST" name="VerifySignOut" finished-at="2024-06-14T16:00:51 IST" duration-ms="3858" status="PASS">
          <reporter-output>
          </reporter-output>
        </test-method> <!-- VerifySignOut -->
        <test-method is-config="true" signature="teardown()[pri:0, instance:com.test.TestCases.TC_MyAccountPageTest@1c7696c6]" started-at="2024-06-14T16:00:51 IST" name="teardown" finished-at="2024-06-14T16:00:51 IST" duration-ms="1" status="PASS">
          <reporter-output>
          </reporter-output>
        </test-method> <!-- teardown -->
      </class> <!-- com.test.TestCases.TC_MyAccountPageTest -->
    </test> <!-- Test -->
  </suite> <!-- Suite -->
</testng-results>
