<?xml version="1.0" encoding="UTF-8"?>
<testng-results ignored="2" total="6" passed="4" failed="0" skipped="0">
  <reporter-output>
  </reporter-output>
  <suite started-at="2024-06-14T15:44:59 IST" name="Suite" finished-at="2024-06-14T15:46:01 IST" duration-ms="61637">
    <groups>
    </groups>
    <test started-at="2024-06-14T15:44:59 IST" name="Test" finished-at="2024-06-14T15:46:01 IST" duration-ms="61637">
      <class name="com.test.TestCases.TC_ProductPageTest">
        <test-method is-config="true" signature="setup()[pri:0, instance:com.test.TestCases.TC_ProductPageTest@13fd2ccd]" started-at="2024-06-14T15:45:22 IST" name="setup" finished-at="2024-06-14T15:45:31 IST" duration-ms="9001" status="PASS">
          <reporter-output>
          </reporter-output>
        </test-method> <!-- setup -->
        <test-method signature="VerifyBuyProduct()[pri:0, instance:com.test.TestCases.TC_ProductPageTest@13fd2ccd]" started-at="2024-06-14T15:45:31 IST" name="VerifyBuyProduct" finished-at="2024-06-14T15:45:55 IST" duration-ms="24629" status="PASS">
          <reporter-output>
          </reporter-output>
        </test-method> <!-- VerifyBuyProduct -->
        <test-method signature="VerifySearchProduct()[pri:0, instance:com.test.TestCases.TC_ProductPageTest@13fd2ccd]" started-at="2024-06-14T15:45:55 IST" name="VerifySearchProduct" finished-at="2024-06-14T15:46:01 IST" duration-ms="5741" status="PASS">
          <reporter-output>
          </reporter-output>
        </test-method> <!-- VerifySearchProduct -->
        <test-method is-config="true" signature="teardown()[pri:0, instance:com.test.TestCases.TC_ProductPageTest@13fd2ccd]" started-at="2024-06-14T15:46:01 IST" name="teardown" finished-at="2024-06-14T15:46:01 IST" duration-ms="0" status="PASS">
          <reporter-output>
          </reporter-output>
        </test-method> <!-- teardown -->
      </class> <!-- com.test.TestCases.TC_ProductPageTest -->
      <class name="com.test.TestCases.TC_MyAccountPageTest">
        <test-method is-config="true" signature="setup()[pri:0, instance:com.test.TestCases.TC_MyAccountPageTest@4c1909a3]" started-at="2024-06-14T15:45:00 IST" name="setup" finished-at="2024-06-14T15:45:13 IST" duration-ms="12651" status="PASS">
          <reporter-output>
          </reporter-output>
        </test-method> <!-- setup -->
        <test-method signature="VerifyLogin()[pri:0, instance:com.test.TestCases.TC_MyAccountPageTest@4c1909a3]" started-at="2024-06-14T15:45:13 IST" name="VerifyLogin" finished-at="2024-06-14T15:45:18 IST" duration-ms="5127" status="PASS">
          <reporter-output>
          </reporter-output>
        </test-method> <!-- VerifyLogin -->
        <test-method signature="VerifySignOut()[pri:0, instance:com.test.TestCases.TC_MyAccountPageTest@4c1909a3]" started-at="2024-06-14T15:45:18 IST" name="VerifySignOut" finished-at="2024-06-14T15:45:22 IST" duration-ms="3864" status="PASS">
          <reporter-output>
          </reporter-output>
        </test-method> <!-- VerifySignOut -->
        <test-method is-config="true" signature="teardown()[pri:0, instance:com.test.TestCases.TC_MyAccountPageTest@4c1909a3]" started-at="2024-06-14T15:45:22 IST" name="teardown" finished-at="2024-06-14T15:45:22 IST" duration-ms="0" status="PASS">
          <reporter-output>
          </reporter-output>
        </test-method> <!-- teardown -->
      </class> <!-- com.test.TestCases.TC_MyAccountPageTest -->
    </test> <!-- Test -->
  </suite> <!-- Suite -->
</testng-results>
